CRITICAL - 2023-04-07 11:34:51 --> Invalid file: "pages/perpus.php"
in SYSTEMPATH\Exceptions\FrameworkException.php on line 33.
 1 SYSTEMPATH\View\View.php(201): CodeIgniter\Exceptions\FrameworkException::forInvalidFile('pages/perpus.php')
 2 SYSTEMPATH\Common.php(1184): CodeIgniter\View\View->render('pages/perpus', [], true)
 3 APPPATH\Controllers\Home.php(13): view('pages/perpus')
 4 SYSTEMPATH\CodeIgniter.php(934): App\Controllers\Home->perpus()
 5 SYSTEMPATH\CodeIgniter.php(499): CodeIgniter\CodeIgniter->runController(Object(App\Controllers\Home))
 6 SYSTEMPATH\CodeIgniter.php(368): CodeIgniter\CodeIgniter->handleRequest(null, Object(Config\Cache), false)
 7 FCPATH\index.php(67): CodeIgniter\CodeIgniter->run()
CRITICAL - 2023-04-07 17:05:04 --> Invalid file: "pages/dashboard_mhs.php"
in SYSTEMPATH\Exceptions\FrameworkException.php on line 33.
 1 SYSTEMPATH\View\View.php(201): CodeIgniter\Exceptions\FrameworkException::forInvalidFile('pages/dashboard_mhs.php')
 2 SYSTEMPATH\Common.php(1184): CodeIgniter\View\View->render('pages/dashboard_mhs', [], true)
 3 APPPATH\Controllers\Dashboard_mhs.php(9): view('pages/dashboard_mhs')
 4 SYSTEMPATH\CodeIgniter.php(934): App\Controllers\Dashboard_mhs->index()
 5 SYSTEMPATH\CodeIgniter.php(499): CodeIgniter\CodeIgniter->runController(Object(App\Controllers\Dashboard_mhs))
 6 SYSTEMPATH\CodeIgniter.php(368): CodeIgniter\CodeIgniter->handleRequest(null, Object(Config\Cache), false)
 7 FCPATH\index.php(67): CodeIgniter\CodeIgniter->run()
CRITICAL - 2023-04-07 19:39:02 --> Undefined constant "Config\routes"
in APPPATH\Config\Routes.php on line 30.
 1 SYSTEMPATH\Router\RouteCollection.php(267): require()
 2 SYSTEMPATH\CodeIgniter.php(802): CodeIgniter\Router\RouteCollection->loadRoutes()
 3 SYSTEMPATH\CodeIgniter.php(449): CodeIgniter\CodeIgniter->tryToRouteIt(null)
 4 SYSTEMPATH\CodeIgniter.php(368): CodeIgniter\CodeIgniter->handleRequest(null, Object(Config\Cache), false)
 5 FCPATH\index.php(67): CodeIgniter\CodeIgniter->run()
CRITICAL - 2023-04-07 19:41:21 --> Undefined constant "Config\routes"
in APPPATH\Config\Routes.php on line 30.
 1 SYSTEMPATH\Router\RouteCollection.php(267): require()
 2 SYSTEMPATH\CodeIgniter.php(802): CodeIgniter\Router\RouteCollection->loadRoutes()
 3 SYSTEMPATH\CodeIgniter.php(449): CodeIgniter\CodeIgniter->tryToRouteIt(null)
 4 SYSTEMPATH\CodeIgniter.php(368): CodeIgniter\CodeIgniter->handleRequest(null, Object(Config\Cache), false)
 5 FCPATH\index.php(67): CodeIgniter\CodeIgniter->run()
CRITICAL - 2023-04-07 19:41:42 --> Undefined constant "Config\routes"
in APPPATH\Config\Routes.php on line 30.
 1 SYSTEMPATH\Router\RouteCollection.php(267): require()
 2 SYSTEMPATH\CodeIgniter.php(802): CodeIgniter\Router\RouteCollection->loadRoutes()
 3 SYSTEMPATH\CodeIgniter.php(449): CodeIgniter\CodeIgniter->tryToRouteIt(null)
 4 SYSTEMPATH\CodeIgniter.php(368): CodeIgniter\CodeIgniter->handleRequest(null, Object(Config\Cache), false)
 5 FCPATH\index.php(67): CodeIgniter\CodeIgniter->run()
CRITICAL - 2023-04-07 19:50:58 --> Invalid file: "pages/dashboard_mhs.php"
in SYSTEMPATH\Exceptions\FrameworkException.php on line 33.
 1 SYSTEMPATH\View\View.php(201): CodeIgniter\Exceptions\FrameworkException::forInvalidFile('pages/dashboard_mhs.php')
 2 SYSTEMPATH\Common.php(1184): CodeIgniter\View\View->render('pages/dashboard_mhs', [], true)
 3 APPPATH\Controllers\Dashboard_mhs.php(9): view('pages/dashboard_mhs')
 4 SYSTEMPATH\CodeIgniter.php(934): App\Controllers\Dashboard_mhs->index()
 5 SYSTEMPATH\CodeIgniter.php(499): CodeIgniter\CodeIgniter->runController(Object(App\Controllers\Dashboard_mhs))
 6 SYSTEMPATH\CodeIgniter.php(368): CodeIgniter\CodeIgniter->handleRequest(null, Object(Config\Cache), false)
 7 FCPATH\index.php(67): CodeIgniter\CodeIgniter->run()
CRITICAL - 2023-04-07 20:02:52 --> Invalid file: "pages/dashboard_mhs.php"
in SYSTEMPATH\Exceptions\FrameworkException.php on line 33.
 1 SYSTEMPATH\View\View.php(201): CodeIgniter\Exceptions\FrameworkException::forInvalidFile('pages/dashboard_mhs.php')
 2 SYSTEMPATH\Common.php(1184): CodeIgniter\View\View->render('pages/dashboard_mhs', [], true)
 3 APPPATH\Controllers\Dashboard_mhs.php(9): view('pages/dashboard_mhs')
 4 SYSTEMPATH\CodeIgniter.php(934): App\Controllers\Dashboard_mhs->index()
 5 SYSTEMPATH\CodeIgniter.php(499): CodeIgniter\CodeIgniter->runController(Object(App\Controllers\Dashboard_mhs))
 6 SYSTEMPATH\CodeIgniter.php(368): CodeIgniter\CodeIgniter->handleRequest(null, Object(Config\Cache), false)
 7 FCPATH\index.php(67): CodeIgniter\CodeIgniter->run()
