CRITICAL - 2023-04-06 07:44:53 --> The namespace delimiter is a backslash (\), not a slash (/). Route handler: "\App\Controllers\c_admin/C_dashboard::index"
in SYSTEMPATH\Router\Router.php on line 474.
 1 SYSTEMPATH\Router\Router.php(474): CodeIgniter\Router\Exceptions\RouterException::forInvalidControllerName('\\App\\Controllers\\c_admin/C_dashboard::index')
 2 SYSTEMPATH\Router\Router.php(182): CodeIgniter\Router\Router->checkRoutes('C:\\')
 3 SYSTEMPATH\CodeIgniter.php(815): CodeIgniter\Router\Router->handle('C:\\')
 4 SYSTEMPATH\CodeIgniter.php(449): CodeIgniter\CodeIgniter->tryToRouteIt(Object(CodeIgniter\Router\RouteCollection))
 5 SYSTEMPATH\CodeIgniter.php(368): CodeIgniter\CodeIgniter->handleRequest(null, Object(Config\Cache), false)
 6 FCPATH\index.php(67): CodeIgniter\CodeIgniter->run()
CRITICAL - 2023-04-06 18:00:58 --> include(desaun_grafis.php): Failed to open stream: No such file or directory
in APPPATH\Views\Tian\ukm_base.php on line 123.
 1 APPPATH\Views\Tian\ukm_base.php(123): CodeIgniter\Debug\Exceptions->errorHandler(2, 'include(desaun_grafis.php): Failed to open stream: No such file or directory', 'APPPATH\\Views\\Tian\\ukm_base.php', 123)
 2 APPPATH\Views\Tian\ukm_base.php(123): include()
 3 SYSTEMPATH\View\View.php(213): include('APPPATH\\Views\\Tian\\ukm_base.php')
 4 SYSTEMPATH\View\View.php(216): CodeIgniter\View\View->CodeIgniter\View\{closure}()
 5 SYSTEMPATH\Common.php(1184): CodeIgniter\View\View->render('Tian/ukm_base', [], true)
 6 APPPATH\Controllers\ukm.php(9): view('Tian/ukm_base')
 7 SYSTEMPATH\CodeIgniter.php(934): App\Controllers\Ukm->index()
 8 SYSTEMPATH\CodeIgniter.php(499): CodeIgniter\CodeIgniter->runController(Object(App\Controllers\Ukm))
 9 SYSTEMPATH\CodeIgniter.php(368): CodeIgniter\CodeIgniter->handleRequest(null, Object(Config\Cache), false)
10 FCPATH\index.php(67): CodeIgniter\CodeIgniter->run()
