CRITICAL - 2023-04-10 12:51:58 --> Invalid file: "akademik/kalender.php"
in SYSTEMPATH\Exceptions\FrameworkException.php on line 33.
 1 SYSTEMPATH\View\View.php(201): CodeIgniter\Exceptions\FrameworkException::forInvalidFile('akademik/kalender.php')
 2 SYSTEMPATH\Common.php(1184): CodeIgniter\View\View->render('akademik/kalender', [], true)
 3 APPPATH\Controllers\Akademik.php(9): view('akademik/kalender')
 4 SYSTEMPATH\CodeIgniter.php(934): App\Controllers\Akademik->kalender()
 5 SYSTEMPATH\CodeIgniter.php(499): CodeIgniter\CodeIgniter->runController(Object(App\Controllers\Akademik))
 6 SYSTEMPATH\CodeIgniter.php(368): CodeIgniter\CodeIgniter->handleRequest(null, Object(Config\Cache), false)
 7 FCPATH\index.php(67): CodeIgniter\CodeIgniter->run()
CRITICAL - 2023-04-10 13:03:21 --> Invalid file: "akademik/kalender.php"
in SYSTEMPATH\Exceptions\FrameworkException.php on line 33.
 1 SYSTEMPATH\View\View.php(201): CodeIgniter\Exceptions\FrameworkException::forInvalidFile('akademik/kalender.php')
 2 SYSTEMPATH\Common.php(1184): CodeIgniter\View\View->render('akademik/kalender', [], true)
 3 APPPATH\Controllers\Akademik.php(9): view('akademik/kalender')
 4 SYSTEMPATH\CodeIgniter.php(934): App\Controllers\Akademik->kalender()
 5 SYSTEMPATH\CodeIgniter.php(499): CodeIgniter\CodeIgniter->runController(Object(App\Controllers\Akademik))
 6 SYSTEMPATH\CodeIgniter.php(368): CodeIgniter\CodeIgniter->handleRequest(null, Object(Config\Cache), false)
 7 FCPATH\index.php(67): CodeIgniter\CodeIgniter->run()
CRITICAL - 2023-04-10 13:06:59 --> Invalid file: "beasiswa.php"
in SYSTEMPATH\Exceptions\FrameworkException.php on line 33.
 1 SYSTEMPATH\View\View.php(201): CodeIgniter\Exceptions\FrameworkException::forInvalidFile('beasiswa.php')
 2 SYSTEMPATH\Common.php(1184): CodeIgniter\View\View->render('beasiswa', [], true)
 3 APPPATH\Controllers\Akademik.php(21): view('beasiswa')
 4 SYSTEMPATH\CodeIgniter.php(934): App\Controllers\Akademik->beasiswa()
 5 SYSTEMPATH\CodeIgniter.php(499): CodeIgniter\CodeIgniter->runController(Object(App\Controllers\Akademik))
 6 SYSTEMPATH\CodeIgniter.php(368): CodeIgniter\CodeIgniter->handleRequest(null, Object(Config\Cache), false)
 7 FCPATH\index.php(67): CodeIgniter\CodeIgniter->run()
CRITICAL - 2023-04-10 13:46:22 --> Invalid file: "akademik/kalender.php"
in SYSTEMPATH\Exceptions\FrameworkException.php on line 33.
 1 SYSTEMPATH\View\View.php(201): CodeIgniter\Exceptions\FrameworkException::forInvalidFile('akademik/kalender.php')
 2 SYSTEMPATH\Common.php(1184): CodeIgniter\View\View->render('akademik/kalender', [], true)
 3 APPPATH\Controllers\Akademik.php(9): view('akademik/kalender')
 4 SYSTEMPATH\CodeIgniter.php(934): App\Controllers\Akademik->kalender()
 5 SYSTEMPATH\CodeIgniter.php(499): CodeIgniter\CodeIgniter->runController(Object(App\Controllers\Akademik))
 6 SYSTEMPATH\CodeIgniter.php(368): CodeIgniter\CodeIgniter->handleRequest(null, Object(Config\Cache), false)
 7 FCPATH\index.php(67): CodeIgniter\CodeIgniter->run()
CRITICAL - 2023-04-10 13:51:32 --> Invalid file: "akademik/kalender.php"
in SYSTEMPATH\Exceptions\FrameworkException.php on line 33.
 1 SYSTEMPATH\View\View.php(201): CodeIgniter\Exceptions\FrameworkException::forInvalidFile('akademik/kalender.php')
 2 SYSTEMPATH\Common.php(1184): CodeIgniter\View\View->render('akademik/kalender', [], true)
 3 APPPATH\Controllers\Akademik.php(9): view('akademik/kalender')
 4 SYSTEMPATH\CodeIgniter.php(934): App\Controllers\Akademik->kalender()
 5 SYSTEMPATH\CodeIgniter.php(499): CodeIgniter\CodeIgniter->runController(Object(App\Controllers\Akademik))
 6 SYSTEMPATH\CodeIgniter.php(368): CodeIgniter\CodeIgniter->handleRequest(null, Object(Config\Cache), false)
 7 FCPATH\index.php(67): CodeIgniter\CodeIgniter->run()
CRITICAL - 2023-04-10 13:54:58 --> Invalid file: "akademik/kalender.php"
CRITICAL - 2023-04-10 13:20:43 --> Invalid file: "akademik/kalender.php"
in SYSTEMPATH\Exceptions\FrameworkException.php on line 33.
 1 SYSTEMPATH\View\View.php(201): CodeIgniter\Exceptions\FrameworkException::forInvalidFile('akademik/kalender.php')
 2 SYSTEMPATH\Common.php(1184): CodeIgniter\View\View->render('akademik/kalender', [], true)
 3 APPPATH\Controllers\Akademik.php(9): view('akademik/kalender')
 4 SYSTEMPATH\CodeIgniter.php(934): App\Controllers\Akademik->kalender()
 5 SYSTEMPATH\CodeIgniter.php(499): CodeIgniter\CodeIgniter->runController(Object(App\Controllers\Akademik))
 6 SYSTEMPATH\CodeIgniter.php(368): CodeIgniter\CodeIgniter->handleRequest(null, Object(Config\Cache), false)
 7 FCPATH\index.php(67): CodeIgniter\CodeIgniter->run()
CRITICAL - 2023-04-10 15:04:35 --> Undefined variable $update_databarang
in APPPATH\Views\admin\sell_barang.php on line 61.
 1 APPPATH\Views\admin\sell_barang.php(61): CodeIgniter\Debug\Exceptions->errorHandler(2, 'Undefined variable $update_databarang', 'APPPATH\\Views\\admin\\sell_barang.php', 61)
 2 SYSTEMPATH\View\View.php(213): include('APPPATH\\Views\\admin\\sell_barang.php')
 3 SYSTEMPATH\View\View.php(216): CodeIgniter\View\View->CodeIgniter\View\{closure}()
 4 SYSTEMPATH\Common.php(1184): CodeIgniter\View\View->render('admin/sell_barang', [], true)
 5 APPPATH\Controllers\Dashboard_mhs.php(26): view('admin/sell_barang')
 6 SYSTEMPATH\CodeIgniter.php(934): App\Controllers\Dashboard_mhs->sell_barang()
 7 SYSTEMPATH\CodeIgniter.php(499): CodeIgniter\CodeIgniter->runController(Object(App\Controllers\Dashboard_mhs))
 8 SYSTEMPATH\CodeIgniter.php(368): CodeIgniter\CodeIgniter->handleRequest(null, Object(Config\Cache), false)
 9 FCPATH\index.php(67): CodeIgniter\CodeIgniter->run()
CRITICAL - 2023-04-10 15:05:28 --> Attempt to read property "kode_barang" on string
in APPPATH\Views\admin\sell_barang.php on line 71.
 1 APPPATH\Views\admin\sell_barang.php(71): CodeIgniter\Debug\Exceptions->errorHandler(2, 'Attempt to read property "kode_barang" on string', 'APPPATH\\Views\\admin\\sell_barang.php', 71)
 2 SYSTEMPATH\View\View.php(213): include('APPPATH\\Views\\admin\\sell_barang.php')
 3 SYSTEMPATH\View\View.php(216): CodeIgniter\View\View->CodeIgniter\View\{closure}()
 4 SYSTEMPATH\Common.php(1184): CodeIgniter\View\View->render('admin/sell_barang', [], true)
 5 APPPATH\Controllers\Dashboard_mhs.php(26): view('admin/sell_barang')
 6 SYSTEMPATH\CodeIgniter.php(934): App\Controllers\Dashboard_mhs->sell_barang()
 7 SYSTEMPATH\CodeIgniter.php(499): CodeIgniter\CodeIgniter->runController(Object(App\Controllers\Dashboard_mhs))
 8 SYSTEMPATH\CodeIgniter.php(368): CodeIgniter\CodeIgniter->handleRequest(null, Object(Config\Cache), false)
 9 FCPATH\index.php(67): CodeIgniter\CodeIgniter->run()
CRITICAL - 2023-04-10 15:20:24 --> Invalid file: "layanan_app/eventdanberita.php"
in SYSTEMPATH\Exceptions\FrameworkException.php on line 33.
 1 SYSTEMPATH\View\View.php(201): CodeIgniter\Exceptions\FrameworkException::forInvalidFile('layanan_app/eventdanberita.php')
 2 SYSTEMPATH\Common.php(1184): CodeIgniter\View\View->render('layanan_app/eventdanberita', [], true)
 3 APPPATH\Controllers\Layanan_app.php(77): view('layanan_app/eventdanberita')
 4 SYSTEMPATH\CodeIgniter.php(934): App\Controllers\Layanan_app->event_berita()
 5 SYSTEMPATH\CodeIgniter.php(499): CodeIgniter\CodeIgniter->runController(Object(App\Controllers\Layanan_app))
 6 SYSTEMPATH\CodeIgniter.php(368): CodeIgniter\CodeIgniter->handleRequest(null, Object(Config\Cache), false)
 7 FCPATH\index.php(67): CodeIgniter\CodeIgniter->run()
CRITICAL - 2023-04-10 15:21:47 --> Invalid file: "seminar/eventdanberita.php"
in SYSTEMPATH\Exceptions\FrameworkException.php on line 33.
 1 SYSTEMPATH\View\View.php(201): CodeIgniter\Exceptions\FrameworkException::forInvalidFile('seminar/eventdanberita.php')
 2 SYSTEMPATH\Common.php(1184): CodeIgniter\View\View->render('seminar/eventdanberita', [], true)
 3 APPPATH\Controllers\Layanan_app.php(77): view('seminar/eventdanberita')
 4 SYSTEMPATH\CodeIgniter.php(934): App\Controllers\Layanan_app->event_berita()
 5 SYSTEMPATH\CodeIgniter.php(499): CodeIgniter\CodeIgniter->runController(Object(App\Controllers\Layanan_app))
 6 SYSTEMPATH\CodeIgniter.php(368): CodeIgniter\CodeIgniter->handleRequest(null, Object(Config\Cache), false)
 7 FCPATH\index.php(67): CodeIgniter\CodeIgniter->run()
CRITICAL - 2023-04-10 15:21:49 --> Invalid file: "seminar/eventdanberita.php"
in SYSTEMPATH\Exceptions\FrameworkException.php on line 33.
 1 SYSTEMPATH\View\View.php(201): CodeIgniter\Exceptions\FrameworkException::forInvalidFile('seminar/eventdanberita.php')
 2 SYSTEMPATH\Common.php(1184): CodeIgniter\View\View->render('seminar/eventdanberita', [], true)
 3 APPPATH\Controllers\Layanan_app.php(77): view('seminar/eventdanberita')
 4 SYSTEMPATH\CodeIgniter.php(934): App\Controllers\Layanan_app->event_berita()
 5 SYSTEMPATH\CodeIgniter.php(499): CodeIgniter\CodeIgniter->runController(Object(App\Controllers\Layanan_app))
 6 SYSTEMPATH\CodeIgniter.php(368): CodeIgniter\CodeIgniter->handleRequest(null, Object(Config\Cache), false)
 7 FCPATH\index.php(67): CodeIgniter\CodeIgniter->run()
CRITICAL - 2023-04-10 15:22:01 --> Invalid file: "seminar/eventdanberita.php"
in SYSTEMPATH\Exceptions\FrameworkException.php on line 33.
 1 SYSTEMPATH\View\View.php(201): CodeIgniter\Exceptions\FrameworkException::forInvalidFile('seminar/eventdanberita.php')
 2 SYSTEMPATH\Common.php(1184): CodeIgniter\View\View->render('seminar/eventdanberita', [], true)
 3 APPPATH\Controllers\Layanan_app.php(77): view('seminar/eventdanberita')
 4 SYSTEMPATH\CodeIgniter.php(934): App\Controllers\Layanan_app->event_berita()
 5 SYSTEMPATH\CodeIgniter.php(499): CodeIgniter\CodeIgniter->runController(Object(App\Controllers\Layanan_app))
 6 SYSTEMPATH\CodeIgniter.php(368): CodeIgniter\CodeIgniter->handleRequest(null, Object(Config\Cache), false)
 7 FCPATH\index.php(67): CodeIgniter\CodeIgniter->run()
CRITICAL - 2023-04-10 15:37:27 --> Undefined array key 4
in APPPATH\Views\struktur_kampus.php on line 71.
 1 APPPATH\Views\struktur_kampus.php(71): CodeIgniter\Debug\Exceptions->errorHandler(2, 'Undefined array key 4', 'APPPATH\\Views\\struktur_kampus.php', 71)
 2 SYSTEMPATH\View\View.php(213): include('APPPATH\\Views\\struktur_kampus.php')
 3 SYSTEMPATH\View\View.php(216): CodeIgniter\View\View->CodeIgniter\View\{closure}()
 4 SYSTEMPATH\Common.php(1184): CodeIgniter\View\View->render('struktur_kampus', [], true)
 5 APPPATH\Controllers\Profil.php(31): view('struktur_kampus')
 6 SYSTEMPATH\CodeIgniter.php(934): App\Controllers\Profil->s_kampus()
 7 SYSTEMPATH\CodeIgniter.php(499): CodeIgniter\CodeIgniter->runController(Object(App\Controllers\Profil))
 8 SYSTEMPATH\CodeIgniter.php(368): CodeIgniter\CodeIgniter->handleRequest(null, Object(Config\Cache), false)
 9 FCPATH\index.php(67): CodeIgniter\CodeIgniter->run()
CRITICAL - 2023-04-10 15:48:56 --> Invalid file: "prak.php"
in SYSTEMPATH\Exceptions\FrameworkException.php on line 33.
 1 SYSTEMPATH\View\View.php(201): CodeIgniter\Exceptions\FrameworkException::forInvalidFile('prak.php')
 2 SYSTEMPATH\Common.php(1184): CodeIgniter\View\View->render('prak', [], true)
 3 APPPATH\Controllers\Profil.php(39): view('prak')
 4 SYSTEMPATH\CodeIgniter.php(934): App\Controllers\Profil->prak()
 5 SYSTEMPATH\CodeIgniter.php(499): CodeIgniter\CodeIgniter->runController(Object(App\Controllers\Profil))
 6 SYSTEMPATH\CodeIgniter.php(368): CodeIgniter\CodeIgniter->handleRequest(null, Object(Config\Cache), false)
 7 FCPATH\index.php(67): CodeIgniter\CodeIgniter->run()
